<?xml version="1.0" encoding="UTF-8"?>
<!-- Generated by org.testng.reporters.JUnitXMLReporter -->
<testsuite hostname="PC200" name="Default test" tests="3" failures="0" timestamp="12 Dec 2015 11:28:45 GMT" time="12.914" errors="0">
  <testcase name="testEmptyGroupCreation" time="1.431" classname="com.example.tests.GroupCreationTests"/>
  <testcase name="testNonEmptyGroupCreation" time="1.314" classname="com.example.tests.GroupCreationTests"/>
  <testcase name="testNewContactCreation" time="2.88" classname="com.example.tests.ContactCreationTests"/>
</testsuite> <!-- Default test -->
