<?xml version="1.0" encoding="UTF-8"?>
<!-- Generated by org.testng.reporters.JUnitXMLReporter -->
<testsuite hostname="PC200" name="Default test" tests="4" failures="0" timestamp="12 Dec 2015 09:58:08 GMT" time="12.226" errors="0">
  <testcase name="testEmptyGroupCreation" time="1.368" classname="com.example.tests.GroupCreationTests"/>
  <testcase name="testNonEmptyGroupCreation" time="1.266" classname="com.example.tests.GroupCreationTests"/>
  <testcase name="testEmptyGroupCreation" time="1.191" classname="com.example.tests.ContactCreationTests"/>
  <testcase name="testNonEmptyGroupCreation" time="1.127" classname="com.example.tests.ContactCreationTests"/>
</testsuite> <!-- Default test -->
