<?xml version="1.0" encoding="UTF-8"?>
<testng-results skipped="0" failed="0" total="4" passed="4">
  <reporter-output>
  </reporter-output>
  <suite name="Default suite" duration-ms="12226" started-at="2015-12-12T09:57:56Z" finished-at="2015-12-12T09:58:08Z">
    <groups>
    </groups>
    <test name="Default test" duration-ms="12226" started-at="2015-12-12T09:57:56Z" finished-at="2015-12-12T09:58:08Z">
      <class name="com.example.tests.TestBase">
        <test-method status="PASS" signature="setUp()[pri:0, instance:com.example.tests.TestBase@73035e27]" name="setUp" is-config="true" duration-ms="6696" started-at="2015-12-12T06:57:56Z" finished-at="2015-12-12T06:58:03Z">
          <reporter-output>
          </reporter-output>
        </test-method> <!-- setUp -->
        <test-method status="PASS" signature="tearDown()[pri:0, instance:com.example.tests.TestBase@73035e27]" name="tearDown" is-config="true" duration-ms="550" started-at="2015-12-12T06:58:08Z" finished-at="2015-12-12T06:58:08Z">
          <reporter-output>
          </reporter-output>
        </test-method> <!-- tearDown -->
      </class> <!-- com.example.tests.TestBase -->
      <class name="com.example.tests.ContactCreationTests">
        <test-method status="PASS" signature="testEmptyGroupCreation()[pri:0, instance:com.example.tests.ContactCreationTests@25618e91]" name="testEmptyGroupCreation" duration-ms="1191" started-at="2015-12-12T06:58:05Z" finished-at="2015-12-12T06:58:06Z">
          <reporter-output>
          </reporter-output>
        </test-method> <!-- testEmptyGroupCreation -->
        <test-method status="PASS" signature="testNonEmptyGroupCreation()[pri:0, instance:com.example.tests.ContactCreationTests@25618e91]" name="testNonEmptyGroupCreation" duration-ms="1127" started-at="2015-12-12T06:58:06Z" finished-at="2015-12-12T06:58:08Z">
          <reporter-output>
          </reporter-output>
        </test-method> <!-- testNonEmptyGroupCreation -->
      </class> <!-- com.example.tests.ContactCreationTests -->
      <class name="com.example.tests.GroupCreationTests">
        <test-method status="PASS" signature="testEmptyGroupCreation()[pri:0, instance:com.example.tests.GroupCreationTests@77f03bb1]" name="testEmptyGroupCreation" duration-ms="1368" started-at="2015-12-12T06:58:03Z" finished-at="2015-12-12T06:58:04Z">
          <reporter-output>
          </reporter-output>
        </test-method> <!-- testEmptyGroupCreation -->
        <test-method status="PASS" signature="testNonEmptyGroupCreation()[pri:0, instance:com.example.tests.GroupCreationTests@77f03bb1]" name="testNonEmptyGroupCreation" duration-ms="1266" started-at="2015-12-12T06:58:04Z" finished-at="2015-12-12T06:58:05Z">
          <reporter-output>
          </reporter-output>
        </test-method> <!-- testNonEmptyGroupCreation -->
      </class> <!-- com.example.tests.GroupCreationTests -->
    </test> <!-- Default test -->
  </suite> <!-- Default suite -->
</testng-results>
