<?xml version="1.0" encoding="UTF-8"?>
<testng-results skipped="0" failed="0" total="3" passed="3">
  <reporter-output>
  </reporter-output>
  <suite name="Default suite" duration-ms="12914" started-at="2015-12-12T11:28:32Z" finished-at="2015-12-12T11:28:45Z">
    <groups>
    </groups>
    <test name="Default test" duration-ms="12914" started-at="2015-12-12T11:28:32Z" finished-at="2015-12-12T11:28:45Z">
      <class name="com.example.tests.TestBase">
        <test-method status="PASS" signature="setUp()[pri:0, instance:com.example.tests.TestBase@71e7a66b]" name="setUp" is-config="true" duration-ms="6729" started-at="2015-12-12T08:28:32Z" finished-at="2015-12-12T08:28:39Z">
          <reporter-output>
          </reporter-output>
        </test-method> <!-- setUp -->
        <test-method status="PASS" signature="tearDown()[pri:0, instance:com.example.tests.TestBase@71e7a66b]" name="tearDown" is-config="true" duration-ms="529" started-at="2015-12-12T08:28:44Z" finished-at="2015-12-12T08:28:45Z">
          <reporter-output>
          </reporter-output>
        </test-method> <!-- tearDown -->
      </class> <!-- com.example.tests.TestBase -->
      <class name="com.example.tests.ContactCreationTests">
        <test-method status="PASS" signature="testNewContactCreation()[pri:0, instance:com.example.tests.ContactCreationTests@13b6d03]" name="testNewContactCreation" duration-ms="2880" started-at="2015-12-12T08:28:41Z" finished-at="2015-12-12T08:28:44Z">
          <reporter-output>
          </reporter-output>
        </test-method> <!-- testNewContactCreation -->
      </class> <!-- com.example.tests.ContactCreationTests -->
      <class name="com.example.tests.GroupCreationTests">
        <test-method status="PASS" signature="testEmptyGroupCreation()[pri:0, instance:com.example.tests.GroupCreationTests@75412c2f]" name="testEmptyGroupCreation" duration-ms="1431" started-at="2015-12-12T08:28:39Z" finished-at="2015-12-12T08:28:40Z">
          <reporter-output>
          </reporter-output>
        </test-method> <!-- testEmptyGroupCreation -->
        <test-method status="PASS" signature="testNonEmptyGroupCreation()[pri:0, instance:com.example.tests.GroupCreationTests@75412c2f]" name="testNonEmptyGroupCreation" duration-ms="1314" started-at="2015-12-12T08:28:40Z" finished-at="2015-12-12T08:28:41Z">
          <reporter-output>
          </reporter-output>
        </test-method> <!-- testNonEmptyGroupCreation -->
      </class> <!-- com.example.tests.GroupCreationTests -->
    </test> <!-- Default test -->
  </suite> <!-- Default suite -->
</testng-results>
